<?xml version="1.0" encoding="UTF-8"?>
<testng-results skipped="0" failed="0" ignored="0" total="1" passed="1">
  <reporter-output>
  </reporter-output>
  <suite name="Default suite" duration-ms="96" started-at="2021-06-28T00:17:27 IST" finished-at="2021-06-28T00:17:27 IST">
    <groups>
    </groups>
    <test name="Default test" duration-ms="96" started-at="2021-06-28T00:17:27 IST" finished-at="2021-06-28T00:17:27 IST">
      <class name="seleniumSection15.JavaStreamTest1">
        <test-method status="PASS" signature="streamCollect()[pri:0, instance:seleniumSection15.JavaStreamTest1@71bbf57e]" name="streamCollect" duration-ms="25" started-at="2021-06-28T00:17:27 IST" finished-at="2021-06-28T00:17:27 IST">
          <reporter-output>
          </reporter-output>
        </test-method> <!-- streamCollect -->
      </class> <!-- seleniumSection15.JavaStreamTest1 -->
    </test> <!-- Default test -->
  </suite> <!-- Default suite -->
</testng-results>
